Using pre-set license
Built from '2021.3/staging' branch; Version is '2021.3.23f1 (213b516bf396) revision 2177873'; Using compiler version '192829333'; Build Type 'Release'
OS: 'Windows 11  (10.0.22621) 64bit Professional' Language: 'en' Physical Memory: 32492 MB
BatchMode: 1, IsHumanControllingUs: 0, StartBugReporterOnCrash: 0, Is64bit: 1, IsPro: 1

COMMAND LINE ARGUMENTS:
C:\Program Files\Unity\Hub\Editor\2021.3.23f1\Editor\Unity.exe
-adb2
-batchMode
-noUpm
-name
AssetImportWorker4
-projectPath
C:/Users/Jonathan/Documents/GitHub/SpaceCardGame
-logFile
Logs/AssetImportWorker4.log
-srvPort
54089
Successfully changed project path to: C:/Users/Jonathan/Documents/GitHub/SpaceCardGame
C:/Users/Jonathan/Documents/GitHub/SpaceCardGame
[UnityMemory] Configuration Parameters - Can be set up in boot.config
    "memorysetup-bucket-allocator-granularity=16"
    "memorysetup-bucket-allocator-bucket-count=8"
    "memorysetup-bucket-allocator-block-size=33554432"
    "memorysetup-bucket-allocator-block-count=8"
    "memorysetup-main-allocator-block-size=16777216"
    "memorysetup-thread-allocator-block-size=16777216"
    "memorysetup-gfx-main-allocator-block-size=16777216"
    "memorysetup-gfx-thread-allocator-block-size=16777216"
    "memorysetup-cache-allocator-block-size=4194304"
    "memorysetup-typetree-allocator-block-size=2097152"
    "memorysetup-profiler-bucket-allocator-granularity=16"
    "memorysetup-profiler-bucket-allocator-bucket-count=8"
    "memorysetup-profiler-bucket-allocator-block-size=33554432"
    "memorysetup-profiler-bucket-allocator-block-count=8"
    "memorysetup-profiler-allocator-block-size=16777216"
    "memorysetup-profiler-editor-allocator-block-size=1048576"
    "memorysetup-temp-allocator-size-main=16777216"
    "memorysetup-job-temp-allocator-block-size=2097152"
    "memorysetup-job-temp-allocator-block-size-background=1048576"
    "memorysetup-job-temp-allocator-reduction-small-platforms=262144"
    "memorysetup-temp-allocator-size-background-worker=32768"
    "memorysetup-temp-allocator-size-job-worker=262144"
    "memorysetup-temp-allocator-size-preload-manager=33554432"
    "memorysetup-temp-allocator-size-nav-mesh-worker=65536"
    "memorysetup-temp-allocator-size-audio-worker=65536"
    "memorysetup-temp-allocator-size-cloud-worker=32768"
    "memorysetup-temp-allocator-size-gi-baking-worker=262144"
    "memorysetup-temp-allocator-size-gfx=262144"
Player connection [23448] Host "[IP] 192.168.1.107 [Port] 0 [Flags] 2 [Guid] 1415512622 [EditorId] 1415512622 [Version] 1048832 [Id] WindowsEditor(7,LAPTOP-OO83PTBF) [Debug] 1 [PackageName] WindowsEditor [ProjectName] Editor" joined multi-casting on [225.0.0.222:54997]...

Player connection [23448] Host "[IP] 192.168.1.107 [Port] 0 [Flags] 2 [Guid] 1415512622 [EditorId] 1415512622 [Version] 1048832 [Id] WindowsEditor(7,LAPTOP-OO83PTBF) [Debug] 1 [PackageName] WindowsEditor [ProjectName] Editor" joined alternative multi-casting on [225.0.0.222:34997]...

Refreshing native plugins compatible for Editor in 101.15 ms, found 3 plugins.
Preloading 0 native plugins for Editor in 0.00 ms.
Initialize engine version: 2021.3.23f1 (213b516bf396)
[Subsystems] Discovering subsystems at path C:/Program Files/Unity/Hub/Editor/2021.3.23f1/Editor/Data/Resources/UnitySubsystems
[Subsystems] Discovering subsystems at path C:/Users/Jonathan/Documents/GitHub/SpaceCardGame/Assets
GfxDevice: creating device client; threaded=0; jobified=0
Direct3D:
    Version:  Direct3D 11.0 [level 11.1]
    Renderer: NVIDIA GeForce RTX 3070 Ti Laptop GPU (ID=0x24e0)
    Vendor:   NVIDIA
    VRAM:     8032 MB
    Driver:   31.0.15.2799
Initialize mono
Mono path[0] = 'C:/Program Files/Unity/Hub/Editor/2021.3.23f1/Editor/Data/Managed'
Mono path[1] = 'C:/Program Files/Unity/Hub/Editor/2021.3.23f1/Editor/Data/MonoBleedingEdge/lib/mono/unityjit-win32'
Mono config path = 'C:/Program Files/Unity/Hub/Editor/2021.3.23f1/Editor/Data/MonoBleedingEdge/etc'
Using monoOptions --debugger-agent=transport=dt_socket,embedding=1,server=y,suspend=n,address=127.0.0.1:56068
Begin MonoManager ReloadAssembly
Registering precompiled unity dll's ...
Register platform support module: C:/Program Files/Unity/Hub/Editor/2021.3.23f1/Editor/Data/PlaybackEngines/WindowsStandaloneSupport/UnityEditor.WindowsStandalone.Extensions.dll
Registered in 0.002306 seconds.
Native extension for WindowsStandalone target not found
Refreshing native plugins compatible for Editor in 67.70 ms, found 3 plugins.
Preloading 0 native plugins for Editor in 0.00 ms.
Mono: successfully reloaded assembly
- Completed reload, in  0.461 seconds
Domain Reload Profiling:
	ReloadAssembly (461ms)
		BeginReloadAssembly (67ms)
			ExecutionOrderSort (0ms)
			DisableScriptedObjects (0ms)
			BackupInstance (0ms)
			ReleaseScriptingObjects (0ms)
			CreateAndSetChildDomain (1ms)
		EndReloadAssembly (328ms)
			LoadAssemblies (65ms)
			RebuildTransferFunctionScriptingTraits (0ms)
			SetupTypeCache (70ms)
			ReleaseScriptCaches (0ms)
			RebuildScriptCaches (19ms)
			SetupLoadedEditorAssemblies (205ms)
				LogAssemblyErrors (0ms)
				InitializePlatformSupportModulesInManaged (5ms)
				SetLoadedEditorAssemblies (0ms)
				RefreshPlugins (68ms)
				BeforeProcessingInitializeOnLoad (1ms)
				ProcessInitializeOnLoadAttributes (97ms)
				ProcessInitializeOnLoadMethodAttributes (35ms)
				AfterProcessingInitializeOnLoad (0ms)
				EditorAssembliesLoaded (0ms)
			ExecutionOrderSort2 (0ms)
			AwakeInstancesAfterBackupRestoration (0ms)
Platform modules already initialized, skipping
Registering precompiled user dll's ...
Registered in 0.004886 seconds.
Begin MonoManager ReloadAssembly
Symbol file LoadedFromMemory doesn't match image C:\Users\Jonathan\Documents\GitHub\SpaceCardGame\Library\PackageCache\com.unity.visualscripting@1.8.0\Editor\VisualScripting.Core\Dependencies\YamlDotNet\Unity.VisualScripting.YamlDotNet.dll
Symbol file LoadedFromMemory doesn't match image C:\Users\Jonathan\Documents\GitHub\SpaceCardGame\Library\PackageCache\com.unity.visualscripting@1.8.0\Editor\VisualScripting.Core\Dependencies\DotNetZip\Unity.VisualScripting.IonicZip.dll
Native extension for WindowsStandalone target not found
Refreshing native plugins compatible for Editor in 78.68 ms, found 3 plugins.
Preloading 0 native plugins for Editor in 0.00 ms.
Mono: successfully reloaded assembly
- Completed reload, in  1.173 seconds
Domain Reload Profiling:
	ReloadAssembly (1174ms)
		BeginReloadAssembly (84ms)
			ExecutionOrderSort (0ms)
			DisableScriptedObjects (4ms)
			BackupInstance (0ms)
			ReleaseScriptingObjects (0ms)
			CreateAndSetChildDomain (14ms)
		EndReloadAssembly (1017ms)
			LoadAssemblies (80ms)
			RebuildTransferFunctionScriptingTraits (0ms)
			SetupTypeCache (341ms)
			ReleaseScriptCaches (0ms)
			RebuildScriptCaches (59ms)
			SetupLoadedEditorAssemblies (484ms)
				LogAssemblyErrors (0ms)
				InitializePlatformSupportModulesInManaged (3ms)
				SetLoadedEditorAssemblies (0ms)
				RefreshPlugins (79ms)
				BeforeProcessingInitializeOnLoad (77ms)
				ProcessInitializeOnLoadAttributes (238ms)
				ProcessInitializeOnLoadMethodAttributes (81ms)
				AfterProcessingInitializeOnLoad (6ms)
				EditorAssembliesLoaded (0ms)
			ExecutionOrderSort2 (0ms)
			AwakeInstancesAfterBackupRestoration (6ms)
Platform modules already initialized, skipping
========================================================================
Worker process is ready to serve import requests
Launched and connected shader compiler UnityShaderCompiler.exe after 0.05 seconds
Refreshing native plugins compatible for Editor in 1.00 ms, found 3 plugins.
Preloading 0 native plugins for Editor in 0.00 ms.
Unloading 5216 Unused Serialized files (Serialized files now loaded: 0)
Unloading 36 unused Assets / (0.8 MB). Loaded Objects now: 5674.
Memory consumption went from 209.0 MB to 208.2 MB.
Total: 4.279600 ms (FindLiveObjects: 0.444200 ms CreateObjectMapping: 0.207300 ms MarkObjects: 3.227300 ms  DeleteObjects: 0.399500 ms)

AssetImportParameters requested are different than current active one (requested -> active):
  custom:video-decoder-ogg-theora: a1e56fd34408186e4bbccfd4996cb3dc -> 
  custom:container-muxer-webm: aa71ff27fc2769a1b78a27578f13a17b -> 
  custom:container-demuxer-webm: 4f35f7cbe854078d1ac9338744f61a02 -> 
  custom:video-encoder-webm-vp8: eb34c28f22e8b96e1ab97ce403110664 -> 
  custom:video-codec-MediaFoundation-h265: 746d11721c4dcdbdad8f713fa42b33f4 -> 
  custom:audio-encoder-webm-vorbis: bf7c407c2cedff20999df2af8eb42d56 -> 
  custom:framework-win-MediaFoundation: 216162199b28c13a410421893ffa2e32 -> 
  custom:container-demuxer-ogg: 62fdf1f143b41e24485cea50d1cbac27 -> 
  custom:video-decoder-webm-vp8: 9c59270c3fd7afecdb556c50c9e8de78 -> 
  custom:audio-decoder-ogg-vorbis: bf7c407c2cedff20999df2af8eb42d56 -> 
========================================================================
Received Import Request.
  Time since last request: 123528.650019 seconds.
  path: Assets/BaseMat.mat
  artifactKey: Guid(0a5389d2256c1478b8bdfd94be38afa2) Importer(815301076,1909f56bfc062723c751e8b465ee728b)
Start importing Assets/BaseMat.mat using Guid(0a5389d2256c1478b8bdfd94be38afa2) Importer(815301076,1909f56bfc062723c751e8b465ee728b)  -> (artifact id: '2799d2f1383fffbecac556e27780f5ea') in 0.168113 seconds 
========================================================================
Received Import Request.
  Time since last request: 0.000036 seconds.
  path: Assets/Cover 3.mat
  artifactKey: Guid(6c9338b8e9ad84e389706230d5b5b07e) Importer(815301076,1909f56bfc062723c751e8b465ee728b)
Start importing Assets/Cover 3.mat using Guid(6c9338b8e9ad84e389706230d5b5b07e) Importer(815301076,1909f56bfc062723c751e8b465ee728b)  -> (artifact id: '576c7d2ab3c8141df37d5d4602a20e4e') in 0.015322 seconds 
========================================================================
Received Import Request.
  Time since last request: 0.000028 seconds.
  path: Assets/ClickedMat.mat
  artifactKey: Guid(0bd4bb87fb6f54249a2e58576e7ae366) Importer(815301076,1909f56bfc062723c751e8b465ee728b)
Start importing Assets/ClickedMat.mat using Guid(0bd4bb87fb6f54249a2e58576e7ae366) Importer(815301076,1909f56bfc062723c751e8b465ee728b)  -> (artifact id: '2fdfd7536fbcea5c53cdf308273d31dd') in 0.013623 seconds 
========================================================================
Received Import Request.
  Time since last request: 1613.554547 seconds.
  path: Assets/Scenes/Pause Panel.prefab
  artifactKey: Guid(2e0a1c30f44d5c44894c88869243cf7c) Importer(815301076,1909f56bfc062723c751e8b465ee728b)
Start importing Assets/Scenes/Pause Panel.prefab using Guid(2e0a1c30f44d5c44894c88869243cf7c) Importer(815301076,1909f56bfc062723c751e8b465ee728b)  -> (artifact id: '731cb99329421bc0b9972bd328ebb98f') in 0.028890 seconds 
========================================================================
Received Import Request.
  Time since last request: 4.417360 seconds.
  path: Assets/Scenes/PlayMechanics.unity
  artifactKey: Guid(5e28e27234a2f40729073cea96f48b08) Importer(815301076,1909f56bfc062723c751e8b465ee728b)
Start importing Assets/Scenes/PlayMechanics.unity using Guid(5e28e27234a2f40729073cea96f48b08) Importer(815301076,1909f56bfc062723c751e8b465ee728b)  -> (artifact id: 'b56c6c56fcffd0242c2d05aefa2f0517') in 0.012280 seconds 
========================================================================
Received Import Request.
  Time since last request: 1.277996 seconds.
  path: Assets/Scenes/PlayMechanics 1.unity
  artifactKey: Guid(35ced52739b1e2b41887381b5698fd98) Importer(815301076,1909f56bfc062723c751e8b465ee728b)
Start importing Assets/Scenes/PlayMechanics 1.unity using Guid(35ced52739b1e2b41887381b5698fd98) Importer(815301076,1909f56bfc062723c751e8b465ee728b)  -> (artifact id: 'b01ab28239e4de7c17026ff81264762c') in 0.012418 seconds 
========================================================================
Received Import Request.
  Time since last request: 12.917719 seconds.
  path: Assets/Scenes/JonPlayMechanics 1.unity
  artifactKey: Guid(35ced52739b1e2b41887381b5698fd98) Importer(815301076,1909f56bfc062723c751e8b465ee728b)
Start importing Assets/Scenes/JonPlayMechanics 1.unity using Guid(35ced52739b1e2b41887381b5698fd98) Importer(815301076,1909f56bfc062723c751e8b465ee728b)  -> (artifact id: '49faeb6097f3f3928b3b4114d464a4b5') in 0.011827 seconds 
========================================================================
Received Import Request.
  Time since last request: 4.944223 seconds.
  path: Assets/Scenes/IGNORE.unity
  artifactKey: Guid(97fced6f7f496d248b038f0b193accc4) Importer(815301076,1909f56bfc062723c751e8b465ee728b)
Start importing Assets/Scenes/IGNORE.unity using Guid(97fced6f7f496d248b038f0b193accc4) Importer(815301076,1909f56bfc062723c751e8b465ee728b)  -> (artifact id: '5da88f93708ff11313d0b473604782b5') in 0.012654 seconds 
========================================================================
Received Import Request.
  Time since last request: 194.003292 seconds.
  path: Assets/Resources/DOTweenSettings.asset
  artifactKey: Guid(4003c59be0a1b8948b70ffa5408e4fc6) Importer(815301076,1909f56bfc062723c751e8b465ee728b)
Start importing Assets/Resources/DOTweenSettings.asset using Guid(4003c59be0a1b8948b70ffa5408e4fc6) Importer(815301076,1909f56bfc062723c751e8b465ee728b)  -> (artifact id: '01f0d31937f23c9dae2449e3b82ff485') in 0.021867 seconds 
========================================================================
Received Import Request.
  Time since last request: 208.725275 seconds.
  path: Assets/Joel Play Mechnics/BlankCard.asset
  artifactKey: Guid(39ba6774fa15646e8a2bafa503738d2e) Importer(815301076,1909f56bfc062723c751e8b465ee728b)
Start importing Assets/Joel Play Mechnics/BlankCard.asset using Guid(39ba6774fa15646e8a2bafa503738d2e) Importer(815301076,1909f56bfc062723c751e8b465ee728b)  -> (artifact id: '315960790a4aea97b3b68173a2bba20c') in 0.014504 seconds 
========================================================================
Received Import Request.
  Time since last request: 0.007299 seconds.
  path: Assets/Joel Play Mechnics/Card 6.asset
  artifactKey: Guid(c5ba1259e67794a78acfc07c7cfa52a8) Importer(815301076,1909f56bfc062723c751e8b465ee728b)
Start importing Assets/Joel Play Mechnics/Card 6.asset using Guid(c5ba1259e67794a78acfc07c7cfa52a8) Importer(815301076,1909f56bfc062723c751e8b465ee728b)  -> (artifact id: '6af4a26d5fa4ed142ff7b36967e8cb82') in 0.010547 seconds 
========================================================================
Received Import Request.
  Time since last request: 0.000018 seconds.
  path: Assets/Joel Play Mechnics/Effect.asset
  artifactKey: Guid(c6069089bfefa4bafa8ded4d760b3678) Importer(815301076,1909f56bfc062723c751e8b465ee728b)
Start importing Assets/Joel Play Mechnics/Effect.asset using Guid(c6069089bfefa4bafa8ded4d760b3678) Importer(815301076,1909f56bfc062723c751e8b465ee728b)  -> (artifact id: '1cac18d218ba1b6d1591a99b1bd07b93') in 0.009478 seconds 
========================================================================
Received Import Request.
  Time since last request: 0.000017 seconds.
  path: Assets/Joel Play Mechnics/Card 5.asset
  artifactKey: Guid(4bce0644d737446d6aa4ab08ded78738) Importer(815301076,1909f56bfc062723c751e8b465ee728b)
Start importing Assets/Joel Play Mechnics/Card 5.asset using Guid(4bce0644d737446d6aa4ab08ded78738) Importer(815301076,1909f56bfc062723c751e8b465ee728b)  -> (artifact id: '61fb0dcce3ec515c65e6131b2464c004') in 0.011373 seconds 
========================================================================
Received Import Request.
  Time since last request: 0.000019 seconds.
  path: Assets/Joel Play Mechnics/Card 4.asset
  artifactKey: Guid(7ea777e6f5a8c4005ad3365d71c7dc49) Importer(815301076,1909f56bfc062723c751e8b465ee728b)
Start importing Assets/Joel Play Mechnics/Card 4.asset using Guid(7ea777e6f5a8c4005ad3365d71c7dc49) Importer(815301076,1909f56bfc062723c751e8b465ee728b)  -> (artifact id: '28dcec3d1a77a51620ac4645959f9ff4') in 0.008888 seconds 
========================================================================
Received Import Request.
  Time since last request: 3.583852 seconds.
  path: Assets/Plugins/ExternalAssets.asmdef
  artifactKey: Guid(5112b5a44aa84374eae70e4b4d5bb636) Importer(815301076,1909f56bfc062723c751e8b465ee728b)
Start importing Assets/Plugins/ExternalAssets.asmdef using Guid(5112b5a44aa84374eae70e4b4d5bb636) Importer(815301076,1909f56bfc062723c751e8b465ee728b)  -> (artifact id: '3baf1ca04b01e61eedea665fe0ebc2cb') in 0.016549 seconds 
========================================================================
Received Import Request.
  Time since last request: 30.080834 seconds.
  path: Assets/Models
  artifactKey: Guid(d59aa5b30787a9a49bce51b1007aa89c) Importer(815301076,1909f56bfc062723c751e8b465ee728b)
Start importing Assets/Models using Guid(d59aa5b30787a9a49bce51b1007aa89c) Importer(815301076,1909f56bfc062723c751e8b465ee728b)  -> (artifact id: 'b774554d23bc57fc378ffdfd19d615dd') in 0.012394 seconds 
========================================================================
Received Import Request.
  Time since last request: 140.136526 seconds.
  path: Assets/UI Assets
  artifactKey: Guid(4b5e00e38ded10f4981f8b7b0a14e993) Importer(815301076,1909f56bfc062723c751e8b465ee728b)
Start importing Assets/UI Assets using Guid(4b5e00e38ded10f4981f8b7b0a14e993) Importer(815301076,1909f56bfc062723c751e8b465ee728b)  -> (artifact id: '900692545e0f589042af6b177659bdce') in 0.013287 seconds 
========================================================================
Received Import Request.
  Time since last request: 0.046769 seconds.
  path: Assets/UI Assets/4k-space-wallpaper-6.jpg
  artifactKey: Guid(aed58267850b8c745a08013f7f9f6bb3) Importer(815301076,1909f56bfc062723c751e8b465ee728b)
Start importing Assets/UI Assets/4k-space-wallpaper-6.jpg using Guid(aed58267850b8c745a08013f7f9f6bb3) Importer(815301076,1909f56bfc062723c751e8b465ee728b)  -> (artifact id: '6a948f6edaa72d82ab2c4f6877ac7f68') in 0.231603 seconds 
========================================================================
Received Import Request.
  Time since last request: 0.000016 seconds.
  path: Assets/UI Assets/Enemy Ships.JPG
  artifactKey: Guid(5bf728edfe078074eb8d6a1baa680f13) Importer(815301076,1909f56bfc062723c751e8b465ee728b)
Start importing Assets/UI Assets/Enemy Ships.JPG using Guid(5bf728edfe078074eb8d6a1baa680f13) Importer(815301076,1909f56bfc062723c751e8b465ee728b)  -> (artifact id: '9e1de07564b4b66693d232146c16cb7d') in 0.034467 seconds 
========================================================================
Received Import Request.
  Time since last request: 0.000027 seconds.
  path: Assets/UI Assets/Loss.jpg
  artifactKey: Guid(86a9d8edfd427f242a2d74d25808a4dd) Importer(815301076,1909f56bfc062723c751e8b465ee728b)
Start importing Assets/UI Assets/Loss.jpg using Guid(86a9d8edfd427f242a2d74d25808a4dd) Importer(815301076,1909f56bfc062723c751e8b465ee728b)  -> (artifact id: '0281046c9fc1eeebe7c0fa3827f2bb36') in 0.194151 seconds 
========================================================================
Received Import Request.
  Time since last request: 0.000023 seconds.
  path: Assets/UI Assets/Win.jpg
  artifactKey: Guid(b4879c0b1212d734b8c9fe13dfb207db) Importer(815301076,1909f56bfc062723c751e8b465ee728b)
Start importing Assets/UI Assets/Win.jpg using Guid(b4879c0b1212d734b8c9fe13dfb207db) Importer(815301076,1909f56bfc062723c751e8b465ee728b)  -> (artifact id: '527a2a9406bc294b65e0850d55efaf8f') in 0.052293 seconds 
========================================================================
Received Import Request.
  Time since last request: 0.000028 seconds.
  path: Assets/UI Assets/Space War Background.jpg
  artifactKey: Guid(23d971265427f3f4284b5f7e41eaaf72) Importer(815301076,1909f56bfc062723c751e8b465ee728b)
Start importing Assets/UI Assets/Space War Background.jpg using Guid(23d971265427f3f4284b5f7e41eaaf72) Importer(815301076,1909f56bfc062723c751e8b465ee728b)  -> (artifact id: 'd62c1028df3bf91c945dea1ec0acdc63') in 0.193276 seconds 
Editor requested this worker to shutdown with reason: Scaling down because of idle timeout
AssetImportWorkerClient::OnTransportError - code=2 error=End of file
AssetImportWorker is now disconnected from the server
Process exiting
Exiting without the bug reporter. Application will terminate with return code 0