Using pre-set license
Built from '2021.3/staging' branch; Version is '2021.3.23f1 (213b516bf396) revision 2177873'; Using compiler version '192829333'; Build Type 'Release'
OS: 'Windows 10  (10.0.19045) 64bit Core' Language: 'en' Physical Memory: 16221 MB
BatchMode: 1, IsHumanControllingUs: 0, StartBugReporterOnCrash: 0, Is64bit: 1, IsPro: 1

COMMAND LINE ARGUMENTS:
C:\Program Files\Unity\Editor\2021.3.23f1\Editor\Unity.exe
-adb2
-batchMode
-noUpm
-name
AssetImportWorker4
-projectPath
C:/Users/arjay/Documents/GitHub/SpaceCardGame
-logFile
Logs/AssetImportWorker4.log
-srvPort
58058
Successfully changed project path to: C:/Users/arjay/Documents/GitHub/SpaceCardGame
C:/Users/arjay/Documents/GitHub/SpaceCardGame
[UnityMemory] Configuration Parameters - Can be set up in boot.config
    "memorysetup-bucket-allocator-granularity=16"
    "memorysetup-bucket-allocator-bucket-count=8"
    "memorysetup-bucket-allocator-block-size=33554432"
    "memorysetup-bucket-allocator-block-count=8"
    "memorysetup-main-allocator-block-size=16777216"
    "memorysetup-thread-allocator-block-size=16777216"
    "memorysetup-gfx-main-allocator-block-size=16777216"
    "memorysetup-gfx-thread-allocator-block-size=16777216"
    "memorysetup-cache-allocator-block-size=4194304"
    "memorysetup-typetree-allocator-block-size=2097152"
    "memorysetup-profiler-bucket-allocator-granularity=16"
    "memorysetup-profiler-bucket-allocator-bucket-count=8"
    "memorysetup-profiler-bucket-allocator-block-size=33554432"
    "memorysetup-profiler-bucket-allocator-block-count=8"
    "memorysetup-profiler-allocator-block-size=16777216"
    "memorysetup-profiler-editor-allocator-block-size=1048576"
    "memorysetup-temp-allocator-size-main=16777216"
    "memorysetup-job-temp-allocator-block-size=2097152"
    "memorysetup-job-temp-allocator-block-size-background=1048576"
    "memorysetup-job-temp-allocator-reduction-small-platforms=262144"
    "memorysetup-temp-allocator-size-background-worker=32768"
    "memorysetup-temp-allocator-size-job-worker=262144"
    "memorysetup-temp-allocator-size-preload-manager=33554432"
    "memorysetup-temp-allocator-size-nav-mesh-worker=65536"
    "memorysetup-temp-allocator-size-audio-worker=65536"
    "memorysetup-temp-allocator-size-cloud-worker=32768"
    "memorysetup-temp-allocator-size-gi-baking-worker=262144"
    "memorysetup-temp-allocator-size-gfx=262144"
Player connection [22640] Host "[IP] 192.168.1.8 [Port] 0 [Flags] 2 [Guid] 2450441658 [EditorId] 2450441658 [Version] 1048832 [Id] WindowsEditor(7,LAPTOP-EHKJ436O) [Debug] 1 [PackageName] WindowsEditor [ProjectName] Editor" joined multi-casting on [225.0.0.222:54997]...

Player connection [22640] Host "[IP] 192.168.1.8 [Port] 0 [Flags] 2 [Guid] 2450441658 [EditorId] 2450441658 [Version] 1048832 [Id] WindowsEditor(7,LAPTOP-EHKJ436O) [Debug] 1 [PackageName] WindowsEditor [ProjectName] Editor" joined alternative multi-casting on [225.0.0.222:34997]...

Refreshing native plugins compatible for Editor in 170.62 ms, found 3 plugins.
Preloading 0 native plugins for Editor in 0.00 ms.
Initialize engine version: 2021.3.23f1 (213b516bf396)
[Subsystems] Discovering subsystems at path C:/Program Files/Unity/Editor/2021.3.23f1/Editor/Data/Resources/UnitySubsystems
[Subsystems] Discovering subsystems at path C:/Users/arjay/Documents/GitHub/SpaceCardGame/Assets
GfxDevice: creating device client; threaded=0; jobified=0
Direct3D:
    Version:  Direct3D 11.0 [level 11.1]
    Renderer: NVIDIA GeForce RTX 2060 (ID=0x1f15)
    Vendor:   NVIDIA
    VRAM:     5980 MB
    Driver:   30.0.14.7212
Initialize mono
Mono path[0] = 'C:/Program Files/Unity/Editor/2021.3.23f1/Editor/Data/Managed'
Mono path[1] = 'C:/Program Files/Unity/Editor/2021.3.23f1/Editor/Data/MonoBleedingEdge/lib/mono/unityjit-win32'
Mono config path = 'C:/Program Files/Unity/Editor/2021.3.23f1/Editor/Data/MonoBleedingEdge/etc'
Using monoOptions --debugger-agent=transport=dt_socket,embedding=1,server=y,suspend=n,address=127.0.0.1:56452
Begin MonoManager ReloadAssembly
Registering precompiled unity dll's ...
Register platform support module: C:/Program Files/Unity/Editor/2021.3.23f1/Editor/Data/PlaybackEngines/WindowsStandaloneSupport/UnityEditor.WindowsStandalone.Extensions.dll
Registered in 0.013302 seconds.
Native extension for WindowsStandalone target not found
Refreshing native plugins compatible for Editor in 165.01 ms, found 3 plugins.
Preloading 0 native plugins for Editor in 0.00 ms.
Mono: successfully reloaded assembly
- Completed reload, in  1.083 seconds
Domain Reload Profiling:
	ReloadAssembly (1084ms)
		BeginReloadAssembly (147ms)
			ExecutionOrderSort (0ms)
			DisableScriptedObjects (0ms)
			BackupInstance (0ms)
			ReleaseScriptingObjects (0ms)
			CreateAndSetChildDomain (2ms)
		EndReloadAssembly (770ms)
			LoadAssemblies (141ms)
			RebuildTransferFunctionScriptingTraits (0ms)
			SetupTypeCache (159ms)
			ReleaseScriptCaches (0ms)
			RebuildScriptCaches (44ms)
			SetupLoadedEditorAssemblies (483ms)
				LogAssemblyErrors (0ms)
				InitializePlatformSupportModulesInManaged (13ms)
				SetLoadedEditorAssemblies (0ms)
				RefreshPlugins (165ms)
				BeforeProcessingInitializeOnLoad (2ms)
				ProcessInitializeOnLoadAttributes (228ms)
				ProcessInitializeOnLoadMethodAttributes (75ms)
				AfterProcessingInitializeOnLoad (0ms)
				EditorAssembliesLoaded (0ms)
			ExecutionOrderSort2 (0ms)
			AwakeInstancesAfterBackupRestoration (0ms)
Platform modules already initialized, skipping
Registering precompiled user dll's ...
Registered in 0.018720 seconds.
Begin MonoManager ReloadAssembly
Symbol file LoadedFromMemory doesn't match image C:\Users\arjay\Documents\GitHub\SpaceCardGame\Library\PackageCache\com.unity.visualscripting@1.8.0\Editor\VisualScripting.Core\Dependencies\YamlDotNet\Unity.VisualScripting.YamlDotNet.dll
Symbol file LoadedFromMemory doesn't match image C:\Users\arjay\Documents\GitHub\SpaceCardGame\Library\PackageCache\com.unity.visualscripting@1.8.0\Editor\VisualScripting.Core\Dependencies\DotNetZip\Unity.VisualScripting.IonicZip.dll
Native extension for WindowsStandalone target not found
Refreshing native plugins compatible for Editor in 188.91 ms, found 3 plugins.
Preloading 0 native plugins for Editor in 0.00 ms.
Mono: successfully reloaded assembly
- Completed reload, in  2.271 seconds
Domain Reload Profiling:
	ReloadAssembly (2272ms)
		BeginReloadAssembly (214ms)
			ExecutionOrderSort (0ms)
			DisableScriptedObjects (11ms)
			BackupInstance (0ms)
			ReleaseScriptingObjects (0ms)
			CreateAndSetChildDomain (27ms)
		EndReloadAssembly (1876ms)
			LoadAssemblies (206ms)
			RebuildTransferFunctionScriptingTraits (0ms)
			SetupTypeCache (551ms)
			ReleaseScriptCaches (1ms)
			RebuildScriptCaches (96ms)
			SetupLoadedEditorAssemblies (974ms)
				LogAssemblyErrors (0ms)
				InitializePlatformSupportModulesInManaged (8ms)
				SetLoadedEditorAssemblies (0ms)
				RefreshPlugins (189ms)
				BeforeProcessingInitializeOnLoad (215ms)
				ProcessInitializeOnLoadAttributes (417ms)
				ProcessInitializeOnLoadMethodAttributes (128ms)
				AfterProcessingInitializeOnLoad (17ms)
				EditorAssembliesLoaded (0ms)
			ExecutionOrderSort2 (0ms)
			AwakeInstancesAfterBackupRestoration (13ms)
Platform modules already initialized, skipping
========================================================================
Worker process is ready to serve import requests
Launched and connected shader compiler UnityShaderCompiler.exe after 0.08 seconds
Refreshing native plugins compatible for Editor in 1.10 ms, found 3 plugins.
Preloading 0 native plugins for Editor in 0.00 ms.
Unloading 5212 Unused Serialized files (Serialized files now loaded: 0)
Unloading 36 unused Assets / (0.8 MB). Loaded Objects now: 5671.
Memory consumption went from 209.9 MB to 209.2 MB.
Total: 5.321600 ms (FindLiveObjects: 0.522200 ms CreateObjectMapping: 0.498800 ms MarkObjects: 3.823800 ms  DeleteObjects: 0.475500 ms)

AssetImportParameters requested are different than current active one (requested -> active):
  custom:video-decoder-ogg-theora: a1e56fd34408186e4bbccfd4996cb3dc -> 
  custom:container-muxer-webm: aa71ff27fc2769a1b78a27578f13a17b -> 
  custom:container-demuxer-webm: 4f35f7cbe854078d1ac9338744f61a02 -> 
  custom:video-encoder-webm-vp8: eb34c28f22e8b96e1ab97ce403110664 -> 
  custom:audio-encoder-webm-vorbis: bf7c407c2cedff20999df2af8eb42d56 -> 
  custom:framework-win-MediaFoundation: 216162199b28c13a410421893ffa2e32 -> 
  custom:container-demuxer-ogg: 62fdf1f143b41e24485cea50d1cbac27 -> 
  custom:video-decoder-webm-vp8: 9c59270c3fd7afecdb556c50c9e8de78 -> 
  custom:audio-decoder-ogg-vorbis: bf7c407c2cedff20999df2af8eb42d56 -> 
========================================================================
Received Prepare
Registering precompiled user dll's ...
Registered in 0.018979 seconds.
Begin MonoManager ReloadAssembly
Symbol file LoadedFromMemory doesn't match image C:\Users\arjay\Documents\GitHub\SpaceCardGame\Library\PackageCache\com.unity.visualscripting@1.8.0\Editor\VisualScripting.Core\Dependencies\YamlDotNet\Unity.VisualScripting.YamlDotNet.dll
Symbol file LoadedFromMemory doesn't match image C:\Users\arjay\Documents\GitHub\SpaceCardGame\Library\PackageCache\com.unity.visualscripting@1.8.0\Editor\VisualScripting.Core\Dependencies\DotNetZip\Unity.VisualScripting.IonicZip.dll
Native extension for WindowsStandalone target not found
Refreshing native plugins compatible for Editor in 1.90 ms, found 3 plugins.
Preloading 0 native plugins for Editor in 0.00 ms.
Mono: successfully reloaded assembly
- Completed reload, in  2.118 seconds
Domain Reload Profiling:
	ReloadAssembly (2119ms)
		BeginReloadAssembly (246ms)
			ExecutionOrderSort (0ms)
			DisableScriptedObjects (10ms)
			BackupInstance (0ms)
			ReleaseScriptingObjects (0ms)
			CreateAndSetChildDomain (61ms)
		EndReloadAssembly (1681ms)
			LoadAssemblies (191ms)
			RebuildTransferFunctionScriptingTraits (0ms)
			SetupTypeCache (580ms)
			ReleaseScriptCaches (3ms)
			RebuildScriptCaches (83ms)
			SetupLoadedEditorAssemblies (756ms)
				LogAssemblyErrors (0ms)
				InitializePlatformSupportModulesInManaged (11ms)
				SetLoadedEditorAssemblies (1ms)
				RefreshPlugins (2ms)
				BeforeProcessingInitializeOnLoad (170ms)
				ProcessInitializeOnLoadAttributes (423ms)
				ProcessInitializeOnLoadMethodAttributes (130ms)
				AfterProcessingInitializeOnLoad (18ms)
				EditorAssembliesLoaded (0ms)
			ExecutionOrderSort2 (0ms)
			AwakeInstancesAfterBackupRestoration (17ms)
Platform modules already initialized, skipping
Refreshing native plugins compatible for Editor in 5.33 ms, found 3 plugins.
Preloading 0 native plugins for Editor in 0.00 ms.
Unloading 5114 Unused Serialized files (Serialized files now loaded: 0)
Unloading 29 unused Assets / (0.7 MB). Loaded Objects now: 5674.
Memory consumption went from 200.1 MB to 199.3 MB.
Total: 5.524900 ms (FindLiveObjects: 0.504300 ms CreateObjectMapping: 0.452600 ms MarkObjects: 3.856300 ms  DeleteObjects: 0.710300 ms)

AssetImportParameters requested are different than current active one (requested -> active):
  custom:video-decoder-ogg-theora: a1e56fd34408186e4bbccfd4996cb3dc -> 
  custom:container-muxer-webm: aa71ff27fc2769a1b78a27578f13a17b -> 
  custom:container-demuxer-webm: 4f35f7cbe854078d1ac9338744f61a02 -> 
  custom:video-encoder-webm-vp8: eb34c28f22e8b96e1ab97ce403110664 -> 
  custom:audio-encoder-webm-vorbis: bf7c407c2cedff20999df2af8eb42d56 -> 
  custom:framework-win-MediaFoundation: 216162199b28c13a410421893ffa2e32 -> 
  custom:container-demuxer-ogg: 62fdf1f143b41e24485cea50d1cbac27 -> 
  custom:video-decoder-webm-vp8: 9c59270c3fd7afecdb556c50c9e8de78 -> 
  custom:audio-decoder-ogg-vorbis: bf7c407c2cedff20999df2af8eb42d56 -> 
========================================================================
Received Import Request.
  Time since last request: 1100748.430093 seconds.
  path: Assets/Resources/Scripts/Scriptables/Cards/Busters/Buster_1.asset
  artifactKey: Guid(d60b9512abcf25a429a35e84ee1706b7) Importer(815301076,1909f56bfc062723c751e8b465ee728b)
Start importing Assets/Resources/Scripts/Scriptables/Cards/Busters/Buster_1.asset using Guid(d60b9512abcf25a429a35e84ee1706b7) Importer(815301076,1909f56bfc062723c751e8b465ee728b)  -> (artifact id: 'e9662e864930177754df90bb4861fdc5') in 0.086028 seconds 
========================================================================
Received Import Request.
  Time since last request: 0.000033 seconds.
  path: Assets/Resources/Scripts/Scriptables/Cards/Busters/Buster_13.asset
  artifactKey: Guid(3c74e484b173d7b4f88ed4bc774a5198) Importer(815301076,1909f56bfc062723c751e8b465ee728b)
Start importing Assets/Resources/Scripts/Scriptables/Cards/Busters/Buster_13.asset using Guid(3c74e484b173d7b4f88ed4bc774a5198) Importer(815301076,1909f56bfc062723c751e8b465ee728b)  -> (artifact id: '39853386105866563b4654d59b571973') in 0.011948 seconds 
========================================================================
Received Import Request.
  Time since last request: 0.000039 seconds.
  path: Assets/Resources/Scripts/Scriptables/Cards/Busters/Buster_5.asset
  artifactKey: Guid(3151c39acf4819f4384d0de02dd4eec2) Importer(815301076,1909f56bfc062723c751e8b465ee728b)
Start importing Assets/Resources/Scripts/Scriptables/Cards/Busters/Buster_5.asset using Guid(3151c39acf4819f4384d0de02dd4eec2) Importer(815301076,1909f56bfc062723c751e8b465ee728b)  -> (artifact id: '23952b72b6c1aeed425daa219210eb62') in 0.012369 seconds 
========================================================================
Received Import Request.
  Time since last request: 16.344973 seconds.
  path: Assets/Resources/Scripts/Scriptables/Cards/Modular/Modular_1.asset
  artifactKey: Guid(00530fdd7c931f8469094aae3985cd6a) Importer(815301076,1909f56bfc062723c751e8b465ee728b)
Start importing Assets/Resources/Scripts/Scriptables/Cards/Modular/Modular_1.asset using Guid(00530fdd7c931f8469094aae3985cd6a) Importer(815301076,1909f56bfc062723c751e8b465ee728b)  -> (artifact id: '6effeb26fd5c77ef05be68b0e9f9abd0') in 0.008553 seconds 
========================================================================
Received Import Request.
  Time since last request: 0.000023 seconds.
  path: Assets/Resources/Scripts/Scriptables/Cards/Modular/Modular_5.asset
  artifactKey: Guid(16f7e5092e907e7408e18b2626727eb3) Importer(815301076,1909f56bfc062723c751e8b465ee728b)
Start importing Assets/Resources/Scripts/Scriptables/Cards/Modular/Modular_5.asset using Guid(16f7e5092e907e7408e18b2626727eb3) Importer(815301076,1909f56bfc062723c751e8b465ee728b)  -> (artifact id: 'dfe765d9c9ed4d16d2256f07691ddbe3') in 0.004982 seconds 
========================================================================
Received Import Request.
  Time since last request: 0.000021 seconds.
  path: Assets/Resources/Scripts/Scriptables/Cards/Modular/Modular_9.asset
  artifactKey: Guid(7acc4d23a40df76408b8262ec54f8cd7) Importer(815301076,1909f56bfc062723c751e8b465ee728b)
Start importing Assets/Resources/Scripts/Scriptables/Cards/Modular/Modular_9.asset using Guid(7acc4d23a40df76408b8262ec54f8cd7) Importer(815301076,1909f56bfc062723c751e8b465ee728b)  -> (artifact id: 'abb62d6e94d8645c1f25d45e31185c5a') in 0.004171 seconds 
========================================================================
Received Import Request.
  Time since last request: 0.000043 seconds.
  path: Assets/Resources/Scripts/Scriptables/Cards/Modular/Modular_12.asset
  artifactKey: Guid(6385245310f6f4f4a936f0be5baa448e) Importer(815301076,1909f56bfc062723c751e8b465ee728b)
Start importing Assets/Resources/Scripts/Scriptables/Cards/Modular/Modular_12.asset using Guid(6385245310f6f4f4a936f0be5baa448e) Importer(815301076,1909f56bfc062723c751e8b465ee728b)  -> (artifact id: 'c291d4a21017703c6b01c2315a5ccabf') in 0.005511 seconds 
========================================================================
Received Import Request.
  Time since last request: 0.000029 seconds.
  path: Assets/Resources/Scripts/Scriptables/Cards/Modular/Modular_6.asset
  artifactKey: Guid(f3168afd3f771664cbb19f4da3036b12) Importer(815301076,1909f56bfc062723c751e8b465ee728b)
Start importing Assets/Resources/Scripts/Scriptables/Cards/Modular/Modular_6.asset using Guid(f3168afd3f771664cbb19f4da3036b12) Importer(815301076,1909f56bfc062723c751e8b465ee728b)  -> (artifact id: '684312f2ef708f74bb725bf5097bfdeb') in 0.008422 seconds 
========================================================================
Received Import Request.
  Time since last request: 0.000037 seconds.
  path: Assets/Resources/Scripts/Scriptables/Cards/Modular/Modular_13.asset
  artifactKey: Guid(4171eed7354cdca4481b06d5332bb8a6) Importer(815301076,1909f56bfc062723c751e8b465ee728b)
Start importing Assets/Resources/Scripts/Scriptables/Cards/Modular/Modular_13.asset using Guid(4171eed7354cdca4481b06d5332bb8a6) Importer(815301076,1909f56bfc062723c751e8b465ee728b)  -> (artifact id: 'cb6f520fa6b81b8f9937394bfa0b7ec2') in 0.006083 seconds 
========================================================================
Received Import Request.
  Time since last request: 6.409696 seconds.
  path: Assets/Resources/Scripts/Scriptables/Cards/Swarm/Swarm_1.asset
  artifactKey: Guid(43a0319962f62c14eafc7cd8cf42e1f1) Importer(815301076,1909f56bfc062723c751e8b465ee728b)
Start importing Assets/Resources/Scripts/Scriptables/Cards/Swarm/Swarm_1.asset using Guid(43a0319962f62c14eafc7cd8cf42e1f1) Importer(815301076,1909f56bfc062723c751e8b465ee728b)  -> (artifact id: 'b296c394780f5b490160fb02e503f261') in 0.012389 seconds 
========================================================================
Received Import Request.
  Time since last request: 11.855968 seconds.
  path: Assets/Resources/Scripts/Scriptables/Cards/Swarm/Swarm_1.asset
  artifactKey: Guid(43a0319962f62c14eafc7cd8cf42e1f1) Importer(815301076,1909f56bfc062723c751e8b465ee728b)
Start importing Assets/Resources/Scripts/Scriptables/Cards/Swarm/Swarm_1.asset using Guid(43a0319962f62c14eafc7cd8cf42e1f1) Importer(815301076,1909f56bfc062723c751e8b465ee728b)  -> (artifact id: '01b684dc732bef4d821e020e83bf7e75') in 0.005426 seconds 
========================================================================
Received Import Request.
  Time since last request: 0.000088 seconds.
  path: Assets/Resources/Scripts/Scriptables/Cards/Swarm/Swarm_9.asset
  artifactKey: Guid(1aba0468d4d6dab42bcbe6ae7e0fe365) Importer(815301076,1909f56bfc062723c751e8b465ee728b)
Start importing Assets/Resources/Scripts/Scriptables/Cards/Swarm/Swarm_9.asset using Guid(1aba0468d4d6dab42bcbe6ae7e0fe365) Importer(815301076,1909f56bfc062723c751e8b465ee728b)  -> (artifact id: 'af782650e0240b9d4931366fd1eed1db') in 0.007603 seconds 
========================================================================
Received Import Request.
  Time since last request: 0.000046 seconds.
  path: Assets/Resources/Scripts/Scriptables/Cards/Swarm/Swarm_14.asset
  artifactKey: Guid(c3ba8038ec0b3524e8f570f19adcc6e6) Importer(815301076,1909f56bfc062723c751e8b465ee728b)
Start importing Assets/Resources/Scripts/Scriptables/Cards/Swarm/Swarm_14.asset using Guid(c3ba8038ec0b3524e8f570f19adcc6e6) Importer(815301076,1909f56bfc062723c751e8b465ee728b)  -> (artifact id: 'ad89c4d5d909e9544c63ae756173c5dd') in 0.007892 seconds 
========================================================================
Received Import Request.
  Time since last request: 0.000029 seconds.
  path: Assets/Resources/Scripts/Scriptables/Cards/Swarm/Swarm_12.asset
  artifactKey: Guid(a869deff76f0c1e409e0bc416e0630a8) Importer(815301076,1909f56bfc062723c751e8b465ee728b)
Start importing Assets/Resources/Scripts/Scriptables/Cards/Swarm/Swarm_12.asset using Guid(a869deff76f0c1e409e0bc416e0630a8) Importer(815301076,1909f56bfc062723c751e8b465ee728b)  -> (artifact id: 'f10070a943b1f1eb26ad5d7d0178f648') in 0.016063 seconds 
========================================================================
Received Import Request.
  Time since last request: 0.000040 seconds.
  path: Assets/Resources/Scripts/Scriptables/Cards/Swarm/Swarm_13.asset
  artifactKey: Guid(6c614527b0703554d8d746561ad3dc7b) Importer(815301076,1909f56bfc062723c751e8b465ee728b)
Start importing Assets/Resources/Scripts/Scriptables/Cards/Swarm/Swarm_13.asset using Guid(6c614527b0703554d8d746561ad3dc7b) Importer(815301076,1909f56bfc062723c751e8b465ee728b)  -> (artifact id: '14c4b670c8b2825385446e7f2a4c15af') in 0.030684 seconds 
========================================================================
Received Import Request.
  Time since last request: 1.034072 seconds.
  path: Assets/Resources/Scripts/Scriptables/Cards/Busters/Buster_1.asset
  artifactKey: Guid(d60b9512abcf25a429a35e84ee1706b7) Importer(815301076,1909f56bfc062723c751e8b465ee728b)
Start importing Assets/Resources/Scripts/Scriptables/Cards/Busters/Buster_1.asset using Guid(d60b9512abcf25a429a35e84ee1706b7) Importer(815301076,1909f56bfc062723c751e8b465ee728b)  -> (artifact id: '808e2bb40e7fac42f66a5bee10934e19') in 0.005956 seconds 
========================================================================
Received Import Request.
  Time since last request: 0.000034 seconds.
  path: Assets/Resources/Scripts/Scriptables/Cards/Busters/Buster_9.asset
  artifactKey: Guid(b0427f1887e68c4418b48cb4b7e71fe4) Importer(815301076,1909f56bfc062723c751e8b465ee728b)
Start importing Assets/Resources/Scripts/Scriptables/Cards/Busters/Buster_9.asset using Guid(b0427f1887e68c4418b48cb4b7e71fe4) Importer(815301076,1909f56bfc062723c751e8b465ee728b)  -> (artifact id: '2021f3b12b25de25c7def048b71e75cd') in 0.005536 seconds 
========================================================================
Received Import Request.
  Time since last request: 0.000045 seconds.
  path: Assets/Resources/Scripts/Scriptables/Cards/Busters/Buster_7.asset
  artifactKey: Guid(48b5d91cc502b0e4c92efe9691355a45) Importer(815301076,1909f56bfc062723c751e8b465ee728b)
Start importing Assets/Resources/Scripts/Scriptables/Cards/Busters/Buster_7.asset using Guid(48b5d91cc502b0e4c92efe9691355a45) Importer(815301076,1909f56bfc062723c751e8b465ee728b)  -> (artifact id: 'e4693ddedc1fcd0ee97155319482e26d') in 0.005853 seconds 
========================================================================
Received Import Request.
  Time since last request: 0.000056 seconds.
  path: Assets/Resources/Scripts/Scriptables/Cards/Busters/Buster_8.asset
  artifactKey: Guid(800a1de2f912aee44b839e81a403a4fe) Importer(815301076,1909f56bfc062723c751e8b465ee728b)
Start importing Assets/Resources/Scripts/Scriptables/Cards/Busters/Buster_8.asset using Guid(800a1de2f912aee44b839e81a403a4fe) Importer(815301076,1909f56bfc062723c751e8b465ee728b)  -> (artifact id: 'ba2e3cb024c9b849bc96e2d6d57cc586') in 0.004842 seconds 
========================================================================
Received Import Request.
  Time since last request: 0.000049 seconds.
  path: Assets/Resources/Scripts/Scriptables/Cards/Busters/Buster_10.asset
  artifactKey: Guid(45938521ec9fe7a4cba099db0fc0933a) Importer(815301076,1909f56bfc062723c751e8b465ee728b)
Start importing Assets/Resources/Scripts/Scriptables/Cards/Busters/Buster_10.asset using Guid(45938521ec9fe7a4cba099db0fc0933a) Importer(815301076,1909f56bfc062723c751e8b465ee728b)  -> (artifact id: '81f2723912cd2b007e9d9dd213c7c655') in 0.006552 seconds 
========================================================================
Received Import Request.
  Time since last request: 17.028781 seconds.
  path: Assets/Resources/Scripts/Scriptables/Cards/Modular/Modular_1.asset
  artifactKey: Guid(00530fdd7c931f8469094aae3985cd6a) Importer(815301076,1909f56bfc062723c751e8b465ee728b)
Start importing Assets/Resources/Scripts/Scriptables/Cards/Modular/Modular_1.asset using Guid(00530fdd7c931f8469094aae3985cd6a) Importer(815301076,1909f56bfc062723c751e8b465ee728b)  -> (artifact id: '7bc1933a3875f7f2691f7be058544614') in 0.005174 seconds 
========================================================================
Received Import Request.
  Time since last request: 0.000028 seconds.
  path: Assets/Resources/Scripts/Scriptables/Cards/Modular/Modular_14.asset
  artifactKey: Guid(e6c5365bb118546409ff6040f8214fb1) Importer(815301076,1909f56bfc062723c751e8b465ee728b)
Start importing Assets/Resources/Scripts/Scriptables/Cards/Modular/Modular_14.asset using Guid(e6c5365bb118546409ff6040f8214fb1) Importer(815301076,1909f56bfc062723c751e8b465ee728b)  -> (artifact id: '0b8a7d76a12a2e57555fff831aadae58') in 0.006052 seconds 
========================================================================
Received Import Request.
  Time since last request: 0.000031 seconds.
  path: Assets/Resources/Scripts/Scriptables/Cards/Modular/Modular_9.asset
  artifactKey: Guid(7acc4d23a40df76408b8262ec54f8cd7) Importer(815301076,1909f56bfc062723c751e8b465ee728b)
Start importing Assets/Resources/Scripts/Scriptables/Cards/Modular/Modular_9.asset using Guid(7acc4d23a40df76408b8262ec54f8cd7) Importer(815301076,1909f56bfc062723c751e8b465ee728b)  -> (artifact id: 'f4ee4a237862aa798f1f984eea246f27') in 0.005107 seconds 
========================================================================
Received Import Request.
  Time since last request: 0.000032 seconds.
  path: Assets/Resources/Scripts/Scriptables/Cards/Modular/Modular_6.asset
  artifactKey: Guid(f3168afd3f771664cbb19f4da3036b12) Importer(815301076,1909f56bfc062723c751e8b465ee728b)
Start importing Assets/Resources/Scripts/Scriptables/Cards/Modular/Modular_6.asset using Guid(f3168afd3f771664cbb19f4da3036b12) Importer(815301076,1909f56bfc062723c751e8b465ee728b)  -> (artifact id: '269642589e681f33ad7d989cbca53529') in 0.005164 seconds 
========================================================================
Received Import Request.
  Time since last request: 0.000038 seconds.
  path: Assets/Resources/Scripts/Scriptables/Cards/Modular/Modular_4.asset
  artifactKey: Guid(77626d7f5f79be641a7f100a8a997137) Importer(815301076,1909f56bfc062723c751e8b465ee728b)
Start importing Assets/Resources/Scripts/Scriptables/Cards/Modular/Modular_4.asset using Guid(77626d7f5f79be641a7f100a8a997137) Importer(815301076,1909f56bfc062723c751e8b465ee728b)  -> (artifact id: 'ec266ed71a675185d97c2e51d51bf039') in 0.005153 seconds 
Editor requested this worker to shutdown with reason: Scaling down because of idle timeout
AssetImportWorker is now disconnected from the server
Process exiting
Exiting without the bug reporter. Application will terminate with return code 0